# do {_246tb_ex9_tb_compile.do}
# Model Technology ModelSim PE vmap 10.4c Lib Mapping Utility 2015.07 Jul 20 2015
# vmap xil_defaultlib msim/xil_defaultlib 
# Modifying modelsim.ini
# ** Warning: (vlog-159) Mode option -64 is not supported in this context and will be ignored.
# 
# Model Technology ModelSim PE vlog 10.4c Compiler 2015.07 Jul 20 2015
# Start time: 16:13:47 on May 17,2025
# vlog -64 -incr -work xil_defaultlib _246tb_ex9_tb_time_synth.v ../../../../project_1.srcs/sim_1/new/top_tb.v 
# -- Compiling module RAM256X1S_UNIQ_BASE_
# -- Compiling module RAM256X1S_HD1558
# -- Compiling module RAM256X1S_HD1559
# -- Compiling module RAM256X1S_HD1560
# -- Compiling module RAM256X1S_HD1561
# -- Compiling module RAM256X1S_HD1562
# -- Compiling module RAM256X1S_HD1563
# -- Compiling module RAM256X1S_HD1564
# -- Compiling module RAM256X1S_HD1565
# -- Compiling module RAM256X1S_HD1566
# -- Compiling module RAM256X1S_HD1567
# -- Compiling module RAM256X1S_HD1568
# -- Compiling module RAM256X1S_HD1569
# -- Compiling module RAM256X1S_HD1570
# -- Compiling module RAM256X1S_HD1571
# -- Compiling module RAM256X1S_HD1572
# -- Compiling module RAM256X1S_HD1573
# -- Compiling module RAM256X1S_HD1574
# -- Compiling module RAM256X1S_HD1575
# -- Compiling module RAM256X1S_HD1576
# -- Compiling module RAM256X1S_HD1577
# -- Compiling module RAM256X1S_HD1578
# -- Compiling module RAM256X1S_HD1579
# -- Compiling module RAM256X1S_HD1580
# -- Compiling module RAM256X1S_HD1581
# -- Compiling module RAM256X1S_HD1582
# -- Compiling module RAM256X1S_HD1583
# -- Compiling module RAM256X1S_HD1584
# -- Compiling module RAM256X1S_HD1585
# -- Compiling module RAM256X1S_HD1586
# -- Compiling module RAM256X1S_HD1587
# -- Compiling module RAM256X1S_HD1588
# -- Compiling module RAM256X1S_HD1589
# -- Compiling module RAM256X1S_HD1590
# -- Compiling module RAM256X1S_HD1591
# -- Compiling module RAM256X1S_HD1592
# -- Compiling module RAM256X1S_HD1593
# -- Compiling module RAM256X1S_HD1594
# -- Compiling module RAM256X1S_HD1595
# -- Compiling module RAM256X1S_HD1596
# -- Compiling module RAM256X1S_HD1597
# -- Compiling module RAM256X1S_HD1598
# -- Compiling module RAM256X1S_HD1599
# -- Compiling module RAM256X1S_HD1600
# -- Compiling module RAM256X1S_HD1601
# -- Compiling module RAM256X1S_HD1602
# -- Compiling module RAM256X1S_HD1603
# -- Compiling module RAM256X1S_HD1604
# -- Compiling module RAM256X1S_HD1605
# -- Compiling module RAM256X1S_HD1606
# -- Compiling module RAM256X1S_HD1607
# -- Compiling module RAM256X1S_HD1608
# -- Compiling module RAM256X1S_HD1609
# -- Compiling module RAM256X1S_HD1610
# -- Compiling module RAM256X1S_HD1611
# -- Compiling module RAM256X1S_HD1612
# -- Compiling module RAM256X1S_HD1613
# -- Compiling module RAM256X1S_HD1614
# -- Compiling module RAM256X1S_HD1615
# -- Compiling module RAM256X1S_HD1616
# -- Compiling module RAM256X1S_HD1617
# -- Compiling module RAM256X1S_HD1618
# -- Compiling module RAM256X1S_HD1619
# -- Compiling module RAM256X1S_HD1620
# -- Compiling module RAM256X1S_HD1621
# -- Compiling module RAM256X1S_HD1622
# -- Compiling module RAM256X1S_HD1623
# -- Compiling module RAM256X1S_HD1624
# -- Compiling module RAM256X1S_HD1625
# -- Compiling module RAM256X1S_HD1626
# -- Compiling module RAM256X1S_HD1627
# -- Compiling module RAM256X1S_HD1628
# -- Compiling module RAM256X1S_HD1629
# -- Compiling module RAM256X1S_HD1630
# -- Compiling module RAM256X1S_HD1631
# -- Compiling module RAM256X1S_HD1632
# -- Compiling module RAM256X1S_HD1633
# -- Compiling module RAM256X1S_HD1634
# -- Compiling module RAM256X1S_HD1635
# -- Compiling module RAM256X1S_HD1636
# -- Compiling module RAM256X1S_HD1637
# -- Compiling module RAM256X1S_HD1638
# -- Compiling module RAM256X1S_HD1639
# -- Compiling module RAM256X1S_HD1640
# -- Compiling module RAM256X1S_HD1641
# -- Compiling module RAM256X1S_HD1642
# -- Compiling module RAM256X1S_HD1643
# -- Compiling module RAM256X1S_HD1644
# -- Compiling module RAM256X1S_HD1645
# -- Compiling module RAM256X1S_HD1646
# -- Compiling module RAM256X1S_HD1647
# -- Compiling module RAM256X1S_HD1648
# -- Compiling module RAM256X1S_HD1649
# -- Compiling module RAM256X1S_HD1650
# -- Compiling module RAM256X1S_HD1651
# -- Compiling module RAM256X1S_HD1652
# -- Compiling module RAM256X1S_HD1653
# -- Compiling module RAM256X1S_HD1654
# -- Compiling module RAM256X1S_HD1655
# -- Compiling module RAM256X1S_HD1656
# -- Compiling module RAM256X1S_HD1657
# -- Compiling module RAM256X1S_HD1658
# -- Compiling module RAM256X1S_HD1659
# -- Compiling module RAM256X1S_HD1660
# -- Compiling module RAM256X1S_HD1661
# -- Compiling module RAM256X1S_HD1662
# -- Compiling module RAM256X1S_HD1663
# -- Compiling module RAM256X1S_HD1664
# -- Compiling module RAM256X1S_HD1665
# -- Compiling module RAM256X1S_HD1666
# -- Compiling module RAM256X1S_HD1667
# -- Compiling module RAM256X1S_HD1668
# -- Compiling module RAM256X1S_HD1669
# -- Compiling module RAM256X1S_HD1670
# -- Compiling module RAM256X1S_HD1671
# -- Compiling module RAM256X1S_HD1672
# -- Compiling module RAM256X1S_HD1673
# -- Compiling module RAM256X1S_HD1674
# -- Compiling module RAM256X1S_HD1675
# -- Compiling module RAM256X1S_HD1676
# -- Compiling module RAM256X1S_HD1677
# -- Compiling module RAM256X1S_HD1678
# -- Compiling module RAM256X1S_HD1679
# -- Compiling module RAM256X1S_HD1680
# -- Compiling module RAM256X1S_HD1681
# -- Compiling module RAM256X1S_HD1682
# -- Compiling module RAM256X1S_HD1683
# -- Compiling module RAM256X1S_HD1684
# -- Compiling module RAM256X1S_HD1685
# -- Compiling module RAM256X1S_HD1686
# -- Compiling module RAM256X1S_HD1687
# -- Compiling module RAM256X1S_HD1688
# -- Compiling module RAM256X1S_HD1689
# -- Compiling module RAM256X1S_HD1690
# -- Compiling module RAM256X1S_HD1691
# -- Compiling module RAM256X1S_HD1692
# -- Compiling module RAM256X1S_HD1693
# -- Compiling module RAM256X1S_HD1694
# -- Compiling module RAM256X1S_HD1695
# -- Compiling module RAM256X1S_HD1696
# -- Compiling module RAM256X1S_HD1697
# -- Compiling module RAM256X1S_HD1698
# -- Compiling module RAM256X1S_HD1699
# -- Compiling module RAM256X1S_HD1700
# -- Compiling module RAM256X1S_HD1701
# -- Compiling module RAM256X1S_HD1702
# -- Compiling module RAM256X1S_HD1703
# -- Compiling module RAM256X1S_HD1704
# -- Compiling module RAM256X1S_HD1705
# -- Compiling module RAM256X1S_HD1706
# -- Compiling module RAM256X1S_HD1707
# -- Compiling module RAM256X1S_HD1708
# -- Compiling module RAM256X1S_HD1709
# -- Compiling module RAM256X1S_HD1710
# -- Compiling module RAM256X1S_HD1711
# -- Compiling module RAM256X1S_HD1712
# -- Compiling module RAM256X1S_HD1713
# -- Compiling module RAM256X1S_HD1714
# -- Compiling module RAM256X1S_HD1715
# -- Compiling module RAM256X1S_HD1716
# -- Compiling module RAM256X1S_HD1717
# -- Compiling module RAM256X1S_HD1718
# -- Compiling module RAM256X1S_HD1719
# -- Compiling module RAM256X1S_HD1720
# -- Compiling module RAM256X1S_HD1721
# -- Compiling module RAM256X1S_HD1722
# -- Compiling module RAM256X1S_HD1723
# -- Compiling module RAM256X1S_HD1724
# -- Compiling module RAM256X1S_HD1725
# -- Compiling module RAM256X1S_HD1726
# -- Compiling module RAM256X1S_HD1727
# -- Compiling module RAM256X1S_HD1728
# -- Compiling module RAM256X1S_HD1729
# -- Compiling module RAM256X1S_HD1730
# -- Compiling module RAM256X1S_HD1731
# -- Compiling module RAM256X1S_HD1732
# -- Compiling module RAM256X1S_HD1733
# -- Compiling module RAM256X1S_HD1734
# -- Compiling module RAM256X1S_HD1735
# -- Compiling module RAM256X1S_HD1736
# -- Compiling module RAM256X1S_HD1737
# -- Compiling module RAM256X1S_HD1738
# -- Compiling module RAM256X1S_HD1739
# -- Compiling module RAM256X1S_HD1740
# -- Compiling module RAM256X1S_HD1741
# -- Compiling module RAM256X1S_HD1742
# -- Compiling module RAM256X1S_HD1743
# -- Compiling module RAM256X1S_HD1744
# -- Compiling module RAM256X1S_HD1745
# -- Compiling module RAM256X1S_HD1746
# -- Compiling module RAM256X1S_HD1747
# -- Compiling module RAM256X1S_HD1748
# -- Compiling module RAM256X1S_HD1749
# -- Compiling module RAM256X1S_HD1750
# -- Compiling module RAM256X1S_HD1751
# -- Compiling module RAM256X1S_HD1752
# -- Compiling module RAM256X1S_HD1753
# -- Compiling module RAM256X1S_HD1754
# -- Compiling module RAM256X1S_HD1755
# -- Compiling module RAM256X1S_HD1756
# -- Compiling module RAM256X1S_HD1757
# -- Compiling module RAM256X1S_HD1758
# -- Compiling module RAM256X1S_HD1759
# -- Compiling module RAM256X1S_HD1760
# -- Compiling module RAM256X1S_HD1761
# -- Compiling module RAM256X1S_HD1762
# -- Compiling module RAM256X1S_HD1763
# -- Compiling module RAM256X1S_HD1764
# -- Compiling module RAM256X1S_HD1765
# -- Compiling module RAM256X1S_HD1766
# -- Compiling module RAM256X1S_HD1767
# -- Compiling module RAM256X1S_HD1768
# -- Compiling module RAM256X1S_HD1769
# -- Compiling module RAM256X1S_HD1770
# -- Compiling module RAM256X1S_HD1771
# -- Compiling module RAM256X1S_HD1772
# -- Compiling module RAM256X1S_HD1773
# -- Compiling module RAM256X1S_HD1774
# -- Compiling module RAM256X1S_HD1775
# -- Compiling module RAM256X1S_HD1776
# -- Compiling module RAM256X1S_HD1777
# -- Compiling module RAM256X1S_HD1778
# -- Compiling module RAM256X1S_HD1779
# -- Compiling module RAM256X1S_HD1780
# -- Compiling module RAM256X1S_HD1781
# -- Compiling module RAM256X1S_HD1782
# -- Compiling module RAM256X1S_HD1783
# -- Compiling module RAM256X1S_HD1784
# -- Compiling module RAM256X1S_HD1785
# -- Compiling module RAM256X1S_HD1786
# -- Compiling module RAM256X1S_HD1787
# -- Compiling module RAM256X1S_HD1788
# -- Compiling module RAM256X1S_HD1789
# -- Compiling module RAM256X1S_HD1790
# -- Compiling module RAM256X1S_HD1791
# -- Compiling module RAM256X1S_HD1792
# -- Compiling module RAM256X1S_HD1793
# -- Compiling module RAM256X1S_HD1794
# -- Compiling module RAM256X1S_HD1795
# -- Compiling module RAM256X1S_HD1796
# -- Compiling module RAM256X1S_HD1797
# -- Compiling module RAM256X1S_HD1798
# -- Compiling module RAM256X1S_HD1799
# -- Compiling module RAM256X1S_HD1800
# -- Compiling module RAM256X1S_HD1801
# -- Compiling module RAM256X1S_HD1802
# -- Compiling module RAM256X1S_HD1803
# -- Compiling module RAM256X1S_HD1804
# -- Compiling module RAM256X1S_HD1805
# -- Compiling module RAM256X1S_HD1806
# -- Compiling module RAM256X1S_HD1807
# -- Compiling module RAM256X1S_HD1808
# -- Compiling module RAM256X1S_HD1809
# -- Compiling module RAM256X1S_HD1810
# -- Compiling module RAM256X1S_HD1811
# -- Compiling module RAM256X1S_HD1812
# -- Compiling module imem
# -- Compiling module DMEM
# -- Compiling module IMEM
# -- Compiling module IMEM_0
# -- Compiling module cpu
# -- Compiling module imem_HD1554
# -- Compiling module mux1
# -- Compiling module mux2
# -- Compiling module npcmaker
# -- Compiling module pcreg
# -- Compiling module regfile
# -- Compiling module sccomp_dataflow
# -- Compiling module imem_dist_mem_gen_v8_0_10
# -- Compiling module imem_dist_mem_gen_v8_0_10_HD1555
# -- Compiling module imem_dist_mem_gen_v8_0_10_synth
# -- Compiling module imem_dist_mem_gen_v8_0_10_synth_HD1556
# -- Compiling module imem_rom
# -- Compiling module imem_rom_HD1557
# -- Compiling module glbl
# -- Compiling module _246tb_ex9_tb
# 
# Top level modules:
# 	glbl
# 	_246tb_ex9_tb
# End time: 16:13:48 on May 17,2025, Elapsed time: 0:00:01
# Errors: 0, Warnings: 1
