# do {_246tb_ex9_tb_compile.do}
# Model Technology ModelSim PE vmap 10.4c Lib Mapping Utility 2015.07 Jul 20 2015
# vmap dist_mem_gen_v8_0_10 msim/dist_mem_gen_v8_0_10 
# Modifying modelsim.ini
# Model Technology ModelSim PE vmap 10.4c Lib Mapping Utility 2015.07 Jul 20 2015
# vmap xil_defaultlib msim/xil_defaultlib 
# Modifying modelsim.ini
# ** Warning: (vlog-159) Mode option -64 is not supported in this context and will be ignored.
# 
# Model Technology ModelSim PE vlog 10.4c Compiler 2015.07 Jul 20 2015
# Start time: 16:01:33 on May 17,2025
# vlog -64 -incr -work dist_mem_gen_v8_0_10 ../../../project_1.ip_user_files/ipstatic/dist_mem_gen_v8_0_10/simulation/dist_mem_gen_v8_0.v 
# -- Compiling module dist_mem_gen_v8_0_10
# 
# Top level modules:
# 	dist_mem_gen_v8_0_10
# End time: 16:01:33 on May 17,2025, Elapsed time: 0:00:00
# Errors: 0, Warnings: 1
# ** Warning: (vlog-159) Mode option -64 is not supported in this context and will be ignored.
# 
# Model Technology ModelSim PE vlog 10.4c Compiler 2015.07 Jul 20 2015
# Start time: 16:01:33 on May 17,2025
# vlog -64 -incr -work xil_defaultlib ../../../project_1.srcs/sources_1/ip/imem/sim/imem.v ../../../project_1.srcs/sources_1/new/shamt_ext.v ../../../project_1.srcs/sources_1/new/regfile.v ../../../project_1.srcs/sources_1/new/pc.v ../../../project_1.srcs/sources_1/new/npcmaker.v ../../../project_1.srcs/sources_1/new/mux6.v ../../../project_1.srcs/sources_1/new/mux5.v ../../../project_1.srcs/sources_1/new/mux4.v ../../../project_1.srcs/sources_1/new/mux3.v ../../../project_1.srcs/sources_1/new/mux2.v ../../../project_1.srcs/sources_1/new/mux1.v ../../../project_1.srcs/sources_1/new/Jextend.v ../../../project_1.srcs/sources_1/new/imdt_ext.v ../../../project_1.srcs/sources_1/new/controller.v ../../../project_1.srcs/sources_1/new/ALU.v ../../../project_1.srcs/sources_1/new/DMEM.v ../../../project_1.srcs/sources_1/new/IMEM.v ../../../project_1.srcs/sources_1/new/cpu.v ../../../project_1.srcs/sources_1/new/top.v ../../../project_1.srcs/sim_1/new/top_tb.v 
# -- Compiling module imem
# -- Compiling module shamt_ext
# -- Compiling module regfile
# -- Compiling module pcreg
# -- Compiling module npcmaker
# -- Compiling module mux6
# -- Compiling module mux5
# -- Compiling module mux4
# -- Compiling module mux3
# -- Compiling module mux2
# -- Compiling module mux1
# -- Compiling module jextend
# -- Compiling module imdt_ext
# -- Compiling module controller
# -- Compiling module alu
# -- Compiling module DMEM
# -- Compiling module IMEM
# -- Compiling module cpu
# -- Compiling module sccomp_dataflow
# -- Compiling module _246tb_ex9_tb
# 
# Top level modules:
# 	_246tb_ex9_tb
# End time: 16:01:33 on May 17,2025, Elapsed time: 0:00:00
# Errors: 0, Warnings: 1
# Model Technology ModelSim PE vlog 10.4c Compiler 2015.07 Jul 20 2015
# Start time: 16:01:33 on May 17,2025
# vlog -work xil_defaultlib glbl.v 
# -- Compiling module glbl
# 
# Top level modules:
# 	glbl
# End time: 16:01:33 on May 17,2025, Elapsed time: 0:00:00
# Errors: 0, Warnings: 0
