# do {_246tb_ex9_tb_simulate.do}
# vsim -voptargs=""+acc"" -L unisims_ver -L unimacro_ver -L secureip -L dist_mem_gen_v8_0_10 -L xil_defaultlib -lib xil_defaultlib xil_defaultlib._246tb_ex9_tb xil_defaultlib.glbl 
# Start time: 16:01:46 on May 17,2025
# //  ModelSim PE 10.4c Jul 20 2015 
# //
# //  Copyright 1991-2015 Mentor Graphics Corporation
# //  All Rights Reserved.
# //
# //  THIS WORK CONTAINS TRADE SECRET AND PROPRIETARY INFORMATION
# //  WHICH IS THE PROPERTY OF MENTOR GRAPHICS CORPORATION OR ITS
# //  LICENSORS AND IS SUBJECT TO LICENSE TERMS.
# //  THIS DOCUMENT CONTAINS TRADE SECRETS AND COMMERCIAL OR FINANCIAL
# //  INFORMATION THAT ARE PRIVILEGED, CONFIDENTIAL, AND EXEMPT FROM
# //  DISCLOSURE UNDER THE FREEDOM OF INFORMATION ACT, 5 U.S.C. SECTION 552.
# //  FURTHERMORE, THIS INFORMATION IS PROHIBITED FROM DISCLOSURE UNDER
# //  THE TRADE SECRETS ACT, 18 U.S.C. SECTION 1905.
# //
# Loading xil_defaultlib._246tb_ex9_tb
# Loading xil_defaultlib.sccomp_dataflow
# Loading xil_defaultlib.cpu
# Loading xil_defaultlib.alu
# Loading xil_defaultlib.controller
# Loading xil_defaultlib.DMEM
# Loading xil_defaultlib.imdt_ext
# Loading xil_defaultlib.IMEM
# Loading xil_defaultlib.imem
# Loading dist_mem_gen_v8_0_10.dist_mem_gen_v8_0_10
# Loading xil_defaultlib.jextend
# Loading xil_defaultlib.mux1
# Loading xil_defaultlib.mux3
# Loading xil_defaultlib.mux4
# Loading xil_defaultlib.mux5
# Loading xil_defaultlib.mux6
# Loading xil_defaultlib.npcmaker
# Loading xil_defaultlib.pcreg
# Loading xil_defaultlib.regfile
# Loading xil_defaultlib.shamt_ext
# Loading xil_defaultlib.mux2
# Loading xil_defaultlib.glbl
# .main_pane.wave.interior.cs.body.pw.wf
# .main_pane.structure.interior.cs.body.struct
# .main_pane.objects.interior.cs.body.tree
# WARNING: This core is supplied with a behavioral model. To model cycle-accurate behavior you must run timing simulation.
# ** Warning: (vsim-PLI-3408) Too few data words read on line 1048 of file "imem.mif". Expected 2048, found 1047.    : ../../../project_1.ip_user_files/ipstatic/dist_mem_gen_v8_0_10/simulation/dist_mem_gen_v8_0.v(234)
#    Time: 0 ps  Iteration: 0  Instance: /_246tb_ex9_tb/uut/sccpu/imem_inst/imem_ip/inst
# WARNING: This core is supplied with a behavioral model. To model cycle-accurate behavior you must run timing simulation.
# ** Warning: (vsim-PLI-3408) Too few data words read on line 1048 of file "imem.mif". Expected 2048, found 1047.    : ../../../project_1.ip_user_files/ipstatic/dist_mem_gen_v8_0_10/simulation/dist_mem_gen_v8_0.v(234)
#    Time: 0 ps  Iteration: 0  Instance: /_246tb_ex9_tb/uut/imem_inst/imem_ip/inst
# End time: 16:02:12 on May 17,2025, Elapsed time: 0:00:26
# Errors: 0, Warnings: 2
