#-----------------------------------------------------------
# Vivado v2016.2 (64-bit)
# SW Build 1577090 on Thu Jun  2 16:32:40 MDT 2016
# IP Build 1577682 on Fri Jun  3 12:00:54 MDT 2016
# Start of session at: Fri May 16 04:38:41 2025
# Process ID: 40488
# Current directory: E:/github/cpu31/post_sim/project_1
# Command line: vivado.exe -gui_launcher_event rodinguilauncherevent11832 E:\github\cpu31\post_sim\project_1\project_1.xpr
# Log file: E:/github/cpu31/post_sim/project_1/vivado.log
# Journal file: E:/github/cpu31/post_sim/project_1\vivado.jou
#-----------------------------------------------------------
start_gui
open_project E:/github/cpu31/post_sim/project_1/project_1.xpr
INFO: [Project 1-313] Project file moved from 'E:/github/cpu31/project_1' since last save.
WARNING: [Project 1-312] File not found as 'E:/github/cpu31/post_sim/test_datas/mips_31_mars_simulate.coe'; using path 'E:/github/cpu31/test_datas/mips_31_mars_simulate.coe' instead.
Scanning sources...
Finished scanning sources
WARNING: [Project 1-312] File not found as 'E:/github/cpu31/post_sim/test_datas/mips_31_mars_simulate.coe'; using path 'E:/github/cpu31/test_datas/mips_31_mars_simulate.coe' instead.
INFO: [IP_Flow 19-234] Refreshing IP repositories
INFO: [IP_Flow 19-1704] No user IP repositories specified
INFO: [IP_Flow 19-2313] Loaded Vivado IP repository 'D:/Vivado/2016.2/data/ip'.
open_project: Time (s): cpu = 00:00:06 ; elapsed = 00:00:05 . Memory (MB): peak = 868.660 ; gain = 170.047
update_compile_order -fileset sources_1
reset_run imem_synth_1
reset_run synth_1
launch_runs synth_1 -jobs 2
INFO: [HDL 9-2216] Analyzing Verilog file "E:/github/cpu31/post_sim/project_1/project_1.srcs/sources_1/new/pc.v" into library work [E:/github/cpu31/post_sim/project_1/project_1.srcs/sources_1/new/pc.v:1]
INFO: [IP_Flow 19-1686] Generating 'Synthesis' target for IP 'imem'...
ERROR: [Ipptcl 7-519] NULL COE Data pointer: Unable to open the file e:/github/cpu31/post_sim/test_datas/mips_31_mars_simulate.coe
ERROR: [Common 17-39] 'ipgui::get_coe_val' failed due to earlier errors.
CRITICAL WARNING: [IP_Flow 19-1747] Failed to deliver file 'd:/Vivado/2016.2/data/ip/xilinx/dist_mem_gen_v8_0/hdl/mem_init_file.xit': ERROR: [Common 17-39] 'ipgui::get_coe_val' failed due to earlier errors.

ERROR: [IP_Flow 19-167] Failed to deliver one or more file(s).
ERROR: [IP_Flow 19-3505] IP Generation error: Failed to generate IP 'imem'. Failed to generate 'Vivado VHDL Synthesis' outputs: 
ERROR: [IP_Flow 19-98] Generation of the IP CORE failed.
Failed to generate IP 'imem'. Failed to generate 'Vivado VHDL Synthesis' outputs: 
launch_runs synth_1 -jobs 2
INFO: [IP_Flow 19-1686] Generating 'Synthesis' target for IP 'imem'...
ERROR: [Ipptcl 7-519] NULL COE Data pointer: Unable to open the file e:/github/cpu31/post_sim/test_datas/mips_31_mars_simulate.coe
ERROR: [Common 17-39] 'ipgui::get_coe_val' failed due to earlier errors.
CRITICAL WARNING: [IP_Flow 19-1747] Failed to deliver file 'd:/Vivado/2016.2/data/ip/xilinx/dist_mem_gen_v8_0/hdl/mem_init_file.xit': ERROR: [Common 17-39] 'ipgui::get_coe_val' failed due to earlier errors.

ERROR: [IP_Flow 19-167] Failed to deliver one or more file(s).
ERROR: [IP_Flow 19-3505] IP Generation error: Failed to generate IP 'imem'. Failed to generate 'Vivado VHDL Synthesis' outputs: 
ERROR: [IP_Flow 19-98] Generation of the IP CORE failed.
Failed to generate IP 'imem'. Failed to generate 'Vivado VHDL Synthesis' outputs: 
ERROR: [IP_Flow 19-3460] Validation failed on parameter 'Coefficients File(coefficient_file)' for Invalid COE File- Unable to open the file e:/github/cpu31/post_sim/test_datas/mips_31_mars_simulate.coe 
. IP 'imem'
INFO: [IP_Flow 19-3438] Customization errors found on 'imem'. Restoring to previous valid configuration.
ERROR: [IP_Flow 19-3460] Validation failed on parameter 'Coefficients File(coefficient_file)' for Invalid COE File- Unable to open the file e:/github/cpu31/post_sim/test_datas/mips_31_mars_simulate.coe 
. IP 'imem'
INFO: [IP_Flow 19-3447] Customization errors found during restoring IP 'imem' to previous valid configuration.
ERROR: [IP_Flow 19-3439] Failed to restore IP 'imem' customization to its previous valid configuration.
set_property -dict [list CONFIG.coefficient_file {E:/github/cpu31/test_datas/mips_31_mars_simulate.coe}] [get_ips imem]
INFO: [IP_Flow 19-3484] Absolute path of file 'e:/github/cpu31/test_datas/mips_31_mars_simulate.coe' provided. It will be converted relative to IP Instance files '../../../../../../test_datas/mips_31_mars_simulate.coe'
generate_target all [get_files  E:/github/cpu31/post_sim/project_1/project_1.srcs/sources_1/ip/imem/imem.xci]
INFO: [IP_Flow 19-1686] Generating 'Synthesis' target for IP 'imem'...
export_ip_user_files -of_objects [get_files E:/github/cpu31/post_sim/project_1/project_1.srcs/sources_1/ip/imem/imem.xci] -no_script -force -quiet
launch_run -jobs 2 imem_synth_1
[Fri May 16 04:46:09 2025] Launched imem_synth_1...
Run output will be captured here: E:/github/cpu31/post_sim/project_1/project_1.runs/imem_synth_1/runme.log
export_simulation -of_objects [get_files E:/github/cpu31/post_sim/project_1/project_1.srcs/sources_1/ip/imem/imem.xci] -directory E:/github/cpu31/post_sim/project_1/project_1.ip_user_files/sim_scripts -ip_user_files_dir E:/github/cpu31/post_sim/project_1/project_1.ip_user_files -ipstatic_source_dir E:/github/cpu31/post_sim/project_1/project_1.ip_user_files/ipstatic -force -quiet
launch_runs synth_1 -jobs 2
[Fri May 16 04:46:16 2025] Launched imem_synth_1...
Run output will be captured here: E:/github/cpu31/post_sim/project_1/project_1.runs/imem_synth_1/runme.log
[Fri May 16 04:46:16 2025] Launched synth_1...
Run output will be captured here: E:/github/cpu31/post_sim/project_1/project_1.runs/synth_1/runme.log
reset_run synth_1
launch_runs synth_1 -jobs 2
[Fri May 16 04:48:43 2025] Launched synth_1...
Run output will be captured here: E:/github/cpu31/post_sim/project_1/project_1.runs/synth_1/runme.log
reset_run synth_1
launch_runs synth_1 -jobs 2
[Fri May 16 04:49:51 2025] Launched synth_1...
Run output will be captured here: E:/github/cpu31/post_sim/project_1/project_1.runs/synth_1/runme.log
exit
INFO: [Common 17-206] Exiting Vivado at Fri May 16 04:50:23 2025...
