# do {_246tb_ex9_tb_compile.do}
# Model Technology ModelSim PE vmap 10.4c Lib Mapping Utility 2015.07 Jul 20 2015
# vmap xil_defaultlib msim/xil_defaultlib 
# Copying D:/modelism/win32pe/../modelsim.ini to modelsim.ini
# Modifying modelsim.ini
# ** Warning: (vlog-159) Mode option -64 is not supported in this context and will be ignored.
# 
# Model Technology ModelSim PE vlog 10.4c Compiler 2015.07 Jul 20 2015
# Start time: 05:23:56 on May 16,2025
# vlog -64 -incr -work xil_defaultlib _246tb_ex9_tb_time_synth.v ../../../../project_1.srcs/sim_1/new/top_tb.v 
# -- Compiling module RAM256X1S_UNIQ_BASE_
# -- Compiling module RAM256X1S_HD526
# -- Compiling module RAM256X1S_HD527
# -- Compiling module RAM256X1S_HD528
# -- Compiling module RAM256X1S_HD529
# -- Compiling module RAM256X1S_HD530
# -- Compiling module RAM256X1S_HD531
# -- Compiling module RAM256X1S_HD532
# -- Compiling module RAM256X1S_HD533
# -- Compiling module RAM256X1S_HD534
# -- Compiling module RAM256X1S_HD535
# -- Compiling module RAM256X1S_HD536
# -- Compiling module RAM256X1S_HD537
# -- Compiling module RAM256X1S_HD538
# -- Compiling module RAM256X1S_HD539
# -- Compiling module RAM256X1S_HD540
# -- Compiling module RAM256X1S_HD541
# -- Compiling module RAM256X1S_HD542
# -- Compiling module RAM256X1S_HD543
# -- Compiling module RAM256X1S_HD544
# -- Compiling module RAM256X1S_HD545
# -- Compiling module RAM256X1S_HD546
# -- Compiling module RAM256X1S_HD547
# -- Compiling module RAM256X1S_HD548
# -- Compiling module RAM256X1S_HD549
# -- Compiling module RAM256X1S_HD550
# -- Compiling module RAM256X1S_HD551
# -- Compiling module RAM256X1S_HD552
# -- Compiling module RAM256X1S_HD553
# -- Compiling module RAM256X1S_HD554
# -- Compiling module RAM256X1S_HD555
# -- Compiling module RAM256X1S_HD556
# -- Compiling module RAM256X1S_HD557
# -- Compiling module RAM256X1S_HD558
# -- Compiling module RAM256X1S_HD559
# -- Compiling module RAM256X1S_HD560
# -- Compiling module RAM256X1S_HD561
# -- Compiling module RAM256X1S_HD562
# -- Compiling module RAM256X1S_HD563
# -- Compiling module RAM256X1S_HD564
# -- Compiling module RAM256X1S_HD565
# -- Compiling module RAM256X1S_HD566
# -- Compiling module RAM256X1S_HD567
# -- Compiling module RAM256X1S_HD568
# -- Compiling module RAM256X1S_HD569
# -- Compiling module RAM256X1S_HD570
# -- Compiling module RAM256X1S_HD571
# -- Compiling module RAM256X1S_HD572
# -- Compiling module RAM256X1S_HD573
# -- Compiling module RAM256X1S_HD574
# -- Compiling module RAM256X1S_HD575
# -- Compiling module RAM256X1S_HD576
# -- Compiling module RAM256X1S_HD577
# -- Compiling module RAM256X1S_HD578
# -- Compiling module RAM256X1S_HD579
# -- Compiling module RAM256X1S_HD580
# -- Compiling module RAM256X1S_HD581
# -- Compiling module RAM256X1S_HD582
# -- Compiling module RAM256X1S_HD583
# -- Compiling module RAM256X1S_HD584
# -- Compiling module RAM256X1S_HD585
# -- Compiling module RAM256X1S_HD586
# -- Compiling module RAM256X1S_HD587
# -- Compiling module RAM256X1S_HD588
# -- Compiling module RAM256X1S_HD589
# -- Compiling module RAM256X1S_HD590
# -- Compiling module RAM256X1S_HD591
# -- Compiling module RAM256X1S_HD592
# -- Compiling module RAM256X1S_HD593
# -- Compiling module RAM256X1S_HD594
# -- Compiling module RAM256X1S_HD595
# -- Compiling module RAM256X1S_HD596
# -- Compiling module RAM256X1S_HD597
# -- Compiling module RAM256X1S_HD598
# -- Compiling module RAM256X1S_HD599
# -- Compiling module RAM256X1S_HD600
# -- Compiling module RAM256X1S_HD601
# -- Compiling module RAM256X1S_HD602
# -- Compiling module RAM256X1S_HD603
# -- Compiling module RAM256X1S_HD604
# -- Compiling module RAM256X1S_HD605
# -- Compiling module RAM256X1S_HD606
# -- Compiling module RAM256X1S_HD607
# -- Compiling module RAM256X1S_HD608
# -- Compiling module RAM256X1S_HD609
# -- Compiling module RAM256X1S_HD610
# -- Compiling module RAM256X1S_HD611
# -- Compiling module RAM256X1S_HD612
# -- Compiling module RAM256X1S_HD613
# -- Compiling module RAM256X1S_HD614
# -- Compiling module RAM256X1S_HD615
# -- Compiling module RAM256X1S_HD616
# -- Compiling module RAM256X1S_HD617
# -- Compiling module RAM256X1S_HD618
# -- Compiling module RAM256X1S_HD619
# -- Compiling module RAM256X1S_HD620
# -- Compiling module RAM256X1S_HD621
# -- Compiling module RAM256X1S_HD622
# -- Compiling module RAM256X1S_HD623
# -- Compiling module RAM256X1S_HD624
# -- Compiling module RAM256X1S_HD625
# -- Compiling module RAM256X1S_HD626
# -- Compiling module RAM256X1S_HD627
# -- Compiling module RAM256X1S_HD628
# -- Compiling module RAM256X1S_HD629
# -- Compiling module RAM256X1S_HD630
# -- Compiling module RAM256X1S_HD631
# -- Compiling module RAM256X1S_HD632
# -- Compiling module RAM256X1S_HD633
# -- Compiling module RAM256X1S_HD634
# -- Compiling module RAM256X1S_HD635
# -- Compiling module RAM256X1S_HD636
# -- Compiling module RAM256X1S_HD637
# -- Compiling module RAM256X1S_HD638
# -- Compiling module RAM256X1S_HD639
# -- Compiling module RAM256X1S_HD640
# -- Compiling module RAM256X1S_HD641
# -- Compiling module RAM256X1S_HD642
# -- Compiling module RAM256X1S_HD643
# -- Compiling module RAM256X1S_HD644
# -- Compiling module RAM256X1S_HD645
# -- Compiling module RAM256X1S_HD646
# -- Compiling module RAM256X1S_HD647
# -- Compiling module RAM256X1S_HD648
# -- Compiling module RAM256X1S_HD649
# -- Compiling module RAM256X1S_HD650
# -- Compiling module RAM256X1S_HD651
# -- Compiling module RAM256X1S_HD652
# -- Compiling module RAM256X1S_HD653
# -- Compiling module RAM256X1S_HD654
# -- Compiling module RAM256X1S_HD655
# -- Compiling module RAM256X1S_HD656
# -- Compiling module RAM256X1S_HD657
# -- Compiling module RAM256X1S_HD658
# -- Compiling module RAM256X1S_HD659
# -- Compiling module RAM256X1S_HD660
# -- Compiling module RAM256X1S_HD661
# -- Compiling module RAM256X1S_HD662
# -- Compiling module RAM256X1S_HD663
# -- Compiling module RAM256X1S_HD664
# -- Compiling module RAM256X1S_HD665
# -- Compiling module RAM256X1S_HD666
# -- Compiling module RAM256X1S_HD667
# -- Compiling module RAM256X1S_HD668
# -- Compiling module RAM256X1S_HD669
# -- Compiling module RAM256X1S_HD670
# -- Compiling module RAM256X1S_HD671
# -- Compiling module RAM256X1S_HD672
# -- Compiling module RAM256X1S_HD673
# -- Compiling module RAM256X1S_HD674
# -- Compiling module RAM256X1S_HD675
# -- Compiling module RAM256X1S_HD676
# -- Compiling module RAM256X1S_HD677
# -- Compiling module RAM256X1S_HD678
# -- Compiling module RAM256X1S_HD679
# -- Compiling module RAM256X1S_HD680
# -- Compiling module RAM256X1S_HD681
# -- Compiling module RAM256X1S_HD682
# -- Compiling module RAM256X1S_HD683
# -- Compiling module RAM256X1S_HD684
# -- Compiling module RAM256X1S_HD685
# -- Compiling module RAM256X1S_HD686
# -- Compiling module RAM256X1S_HD687
# -- Compiling module RAM256X1S_HD688
# -- Compiling module RAM256X1S_HD689
# -- Compiling module RAM256X1S_HD690
# -- Compiling module RAM256X1S_HD691
# -- Compiling module RAM256X1S_HD692
# -- Compiling module RAM256X1S_HD693
# -- Compiling module RAM256X1S_HD694
# -- Compiling module RAM256X1S_HD695
# -- Compiling module RAM256X1S_HD696
# -- Compiling module RAM256X1S_HD697
# -- Compiling module RAM256X1S_HD698
# -- Compiling module RAM256X1S_HD699
# -- Compiling module RAM256X1S_HD700
# -- Compiling module RAM256X1S_HD701
# -- Compiling module RAM256X1S_HD702
# -- Compiling module RAM256X1S_HD703
# -- Compiling module RAM256X1S_HD704
# -- Compiling module RAM256X1S_HD705
# -- Compiling module RAM256X1S_HD706
# -- Compiling module RAM256X1S_HD707
# -- Compiling module RAM256X1S_HD708
# -- Compiling module RAM256X1S_HD709
# -- Compiling module RAM256X1S_HD710
# -- Compiling module RAM256X1S_HD711
# -- Compiling module RAM256X1S_HD712
# -- Compiling module RAM256X1S_HD713
# -- Compiling module RAM256X1S_HD714
# -- Compiling module RAM256X1S_HD715
# -- Compiling module RAM256X1S_HD716
# -- Compiling module RAM256X1S_HD717
# -- Compiling module RAM256X1S_HD718
# -- Compiling module RAM256X1S_HD719
# -- Compiling module RAM256X1S_HD720
# -- Compiling module RAM256X1S_HD721
# -- Compiling module RAM256X1S_HD722
# -- Compiling module RAM256X1S_HD723
# -- Compiling module RAM256X1S_HD724
# -- Compiling module RAM256X1S_HD725
# -- Compiling module RAM256X1S_HD726
# -- Compiling module RAM256X1S_HD727
# -- Compiling module RAM256X1S_HD728
# -- Compiling module RAM256X1S_HD729
# -- Compiling module RAM256X1S_HD730
# -- Compiling module RAM256X1S_HD731
# -- Compiling module RAM256X1S_HD732
# -- Compiling module RAM256X1S_HD733
# -- Compiling module RAM256X1S_HD734
# -- Compiling module RAM256X1S_HD735
# -- Compiling module RAM256X1S_HD736
# -- Compiling module RAM256X1S_HD737
# -- Compiling module RAM256X1S_HD738
# -- Compiling module RAM256X1S_HD739
# -- Compiling module RAM256X1S_HD740
# -- Compiling module RAM256X1S_HD741
# -- Compiling module RAM256X1S_HD742
# -- Compiling module RAM256X1S_HD743
# -- Compiling module RAM256X1S_HD744
# -- Compiling module RAM256X1S_HD745
# -- Compiling module RAM256X1S_HD746
# -- Compiling module RAM256X1S_HD747
# -- Compiling module RAM256X1S_HD748
# -- Compiling module RAM256X1S_HD749
# -- Compiling module RAM256X1S_HD750
# -- Compiling module RAM256X1S_HD751
# -- Compiling module RAM256X1S_HD752
# -- Compiling module RAM256X1S_HD753
# -- Compiling module RAM256X1S_HD754
# -- Compiling module RAM256X1S_HD755
# -- Compiling module RAM256X1S_HD756
# -- Compiling module RAM256X1S_HD757
# -- Compiling module RAM256X1S_HD758
# -- Compiling module RAM256X1S_HD759
# -- Compiling module RAM256X1S_HD760
# -- Compiling module RAM256X1S_HD761
# -- Compiling module RAM256X1S_HD762
# -- Compiling module RAM256X1S_HD763
# -- Compiling module RAM256X1S_HD764
# -- Compiling module RAM256X1S_HD765
# -- Compiling module RAM256X1S_HD766
# -- Compiling module RAM256X1S_HD767
# -- Compiling module RAM256X1S_HD768
# -- Compiling module RAM256X1S_HD769
# -- Compiling module RAM256X1S_HD770
# -- Compiling module RAM256X1S_HD771
# -- Compiling module RAM256X1S_HD772
# -- Compiling module RAM256X1S_HD773
# -- Compiling module RAM256X1S_HD774
# -- Compiling module RAM256X1S_HD775
# -- Compiling module RAM256X1S_HD776
# -- Compiling module RAM256X1S_HD777
# -- Compiling module RAM256X1S_HD778
# -- Compiling module RAM256X1S_HD779
# -- Compiling module RAM256X1S_HD780
# -- Compiling module imem
# -- Compiling module DMEM
# -- Compiling module IMEM
# -- Compiling module IMEM_0
# -- Compiling module cpu
# -- Compiling module imem_HD522
# -- Compiling module mux1
# -- Compiling module mux2
# -- Compiling module npcmaker
# -- Compiling module pcreg
# -- Compiling module regfile
# -- Compiling module sccomp_dataflow
# -- Compiling module imem_dist_mem_gen_v8_0_10
# -- Compiling module imem_dist_mem_gen_v8_0_10_HD523
# -- Compiling module imem_dist_mem_gen_v8_0_10_synth
# -- Compiling module imem_dist_mem_gen_v8_0_10_synth_HD524
# -- Compiling module imem_rom
# -- Compiling module imem_rom_HD525
# -- Compiling module glbl
# -- Compiling module _246tb_ex9_tb
# 
# Top level modules:
# 	glbl
# 	_246tb_ex9_tb
# End time: 05:23:57 on May 16,2025, Elapsed time: 0:00:01
# Errors: 0, Warnings: 1
